<?xml version="1.0" encoding="UTF-8"?>
<testsuite xmlns:xsi="http://www.w3.org/2001/XMLSchema-instance" xsi:noNamespaceSchemaLocation="https://maven.apache.org/surefire/maven-surefire-plugin/xsd/surefire-test-report.xsd" name="com.runner.Test_Runner" time="33.124" tests="43" errors="0" skipped="0" failures="0">
  <properties>
[...]
</properties>
  <testcase name="Given user Must Launch The Url" classname="| abc | 123 |" time="0.001"/>
  <testcase name="When user Enter The &quot;abc&quot; In The Username Field" classname="| abc | 123 |" time="0"/>
  <testcase name="And user Enter The &quot;123&quot; In The Password Field" classname="| abc | 123 |" time="0"/>
  <testcase name="Then user Click The Login Key It Navigates To The Search Hotel Page" classname="| abc | 123 |" time="0"/>
  <testcase name="| abc | 123 |" classname="| abc | 123 |" time="0"/>
  <testcase name="Given user Must Launch The Url" classname="| xyz | 456 |" time="0"/>
  <testcase name="When user Enter The &quot;xyz&quot; In The Username Field" classname="| xyz | 456 |" time="0"/>
  <testcase name="And user Enter The &quot;456&quot; In The Password Field" classname="| xyz | 456 |" time="0"/>
  <testcase name="Then user Click The Login Key It Navigates To The Search Hotel Page" classname="| xyz | 456 |" time="0"/>
  <testcase name="| xyz | 456 |" classname="| xyz | 456 |" time="0"/>
  <testcase name="Given user Must Launch The Url" classname="| nopassword | 34567 |" time="0"/>
  <testcase name="When user Enter The &quot;nopassword&quot; In The Username Field" classname="| nopassword | 34567 |" time="0"/>
  <testcase name="And user Enter The &quot;34567&quot; In The Password Field" classname="| nopassword | 34567 |" time="0"/>
  <testcase name="Then user Click The Login Key It Navigates To The Search Hotel Page" classname="| nopassword | 34567 |" time="0"/>
  <testcase name="| nopassword | 34567 |" classname="| nopassword | 34567 |" time="0"/>
  <testcase name="Given user Must Launch The Url" classname="| dhanush5 | dhanush5 |" time="0"/>
  <testcase name="When user Enter The &quot;dhanush5&quot; In The Username Field" classname="| dhanush5 | dhanush5 |" time="0"/>
  <testcase name="And user Enter The &quot;dhanush5&quot; In The Password Field" classname="| dhanush5 | dhanush5 |" time="0"/>
  <testcase name="Then user Click The Login Key It Navigates To The Search Hotel Page" classname="| dhanush5 | dhanush5 |" time="0"/>
  <testcase name="| dhanush5 | dhanush5 |" classname="| dhanush5 | dhanush5 |" time="0"/>
  <testcase name="When user Select The Location In The Location Field" classname="Scenario: Search hotel functionality" time="0"/>
  <testcase name="And user Select The Hotels In The Hotels Field" classname="Scenario: Search hotel functionality" time="0"/>
  <testcase name="And user Select The Room In The Room Field" classname="Scenario: Search hotel functionality" time="0"/>
  <testcase name="And user Select The Number Of Rooms In The Number Of Rooms Field" classname="Scenario: Search hotel functionality" time="0"/>
  <testcase name="And user Enter The Check In Date In The Check In Date Field" classname="Scenario: Search hotel functionality" time="0"/>
  <testcase name="And user Enter The Check Out Date In The Check Out Date Field" classname="Scenario: Search hotel functionality" time="0"/>
  <testcase name="And user Select The Adults Per Room In The Adults Per Room Field" classname="Scenario: Search hotel functionality" time="0"/>
  <testcase name="And user Select The Children Per Room In The Children Per Room Field" classname="Scenario: Search hotel functionality" time="0"/>
  <testcase name="Then user Click The Search Key It Navigate To The Select Hotel Page" classname="Scenario: Search hotel functionality" time="0"/>
  <testcase name="Scenario: Search hotel functionality" classname="Scenario: Search hotel functionality" time="0.001"/>
  <testcase name="When user Select Hotel In The Select Hotel Field" classname="Scenario: Select hotel functionality" time="0"/>
  <testcase name="Then user Click The Continue Key It Navigate To The Book Hotel Page" classname="Scenario: Select hotel functionality" time="0"/>
  <testcase name="Scenario: Select hotel functionality" classname="Scenario: Select hotel functionality" time="0.001"/>
  <testcase name="When user Enter The First Name In The First Name Field" classname="Scenario: Book hotel functionality" time="0"/>
  <testcase name="And user Enter The Last Name In The Last Name Field" classname="Scenario: Book hotel functionality" time="0"/>
  <testcase name="And user Enter The Billing Address In The Billing Address Field" classname="Scenario: Book hotel functionality" time="0"/>
  <testcase name="And user Enter The Credit Card Number In The Credit Card Number Field" classname="Scenario: Book hotel functionality" time="0"/>
  <testcase name="And user Select The Credit Card Type In The Credit Card Type Field" classname="Scenario: Book hotel functionality" time="0"/>
  <testcase name="And user Select Expiry Month And Year In The Expiry Date Field" classname="Scenario: Book hotel functionality" time="0"/>
  <testcase name="And user Enter The Cvv Number In The Cvv Number Field" classname="Scenario: Book hotel functionality" time="0"/>
  <testcase name="And user Click The Book Now Key And Hotel Is Booked" classname="Scenario: Book hotel functionality" time="0"/>
  <testcase name="Then user Click The Logout Key And It Navigate To First Page" classname="Scenario: Book hotel functionality" time="0"/>
  <testcase name="Scenario: Book hotel functionality" classname="Scenario: Book hotel functionality" time="0"/>
</testsuite>